<?xml version="1.0" encoding="UTF-8"?>
<testng-results skipped="0" failed="0" ignored="0" total="2" passed="2">
  <reporter-output>
  </reporter-output>
  <suite name="Default suite" duration-ms="350" started-at="2017-07-19T06:17:59Z" finished-at="2017-07-19T06:17:59Z">
    <groups>
    </groups>
    <test name="Default test" duration-ms="350" started-at="2017-07-19T06:17:59Z" finished-at="2017-07-19T06:17:59Z">
      <class name="com.test.demo.ExtentReportsClass">
        <test-method status="PASS" signature="startReport()[pri:0, instance:com.test.demo.ExtentReportsClass@58651fd0]" name="startReport" is-config="true" duration-ms="110" started-at="2017-07-19T11:47:59Z" finished-at="2017-07-19T11:47:59Z">
          <reporter-output>
          </reporter-output>
        </test-method> <!-- startReport -->
        <test-method status="PASS" signature="failTest()[pri:0, instance:com.test.demo.ExtentReportsClass@58651fd0]" name="failTest" duration-ms="7" started-at="2017-07-19T11:47:59Z" finished-at="2017-07-19T11:47:59Z">
          <reporter-output>
          </reporter-output>
        </test-method> <!-- failTest -->
        <test-method status="PASS" signature="getResult(org.testng.ITestResult)[pri:0, instance:com.test.demo.ExtentReportsClass@58651fd0]" name="getResult" is-config="true" duration-ms="2" started-at="2017-07-19T11:47:59Z" finished-at="2017-07-19T11:47:59Z">
          <params>
            <param index="0">
              <value>
                <![CDATA[[TestResult name=failTest status=SUCCESS method=ExtentReportsClass.failTest()[pri:0, instance:com.test.demo.ExtentReportsClass@58651fd0] output={null}]]]>
              </value>
            </param>
          </params>
          <reporter-output>
          </reporter-output>
        </test-method> <!-- getResult -->
        <test-method status="PASS" signature="passTest()[pri:0, instance:com.test.demo.ExtentReportsClass@58651fd0]" name="passTest" duration-ms="1" started-at="2017-07-19T11:47:59Z" finished-at="2017-07-19T11:47:59Z">
          <reporter-output>
          </reporter-output>
        </test-method> <!-- passTest -->
        <test-method status="PASS" signature="getResult(org.testng.ITestResult)[pri:0, instance:com.test.demo.ExtentReportsClass@58651fd0]" name="getResult" is-config="true" duration-ms="0" started-at="2017-07-19T11:47:59Z" finished-at="2017-07-19T11:47:59Z">
          <params>
            <param index="0">
              <value>
                <![CDATA[[TestResult name=passTest status=SUCCESS method=ExtentReportsClass.passTest()[pri:0, instance:com.test.demo.ExtentReportsClass@58651fd0] output={null}]]]>
              </value>
            </param>
          </params>
          <reporter-output>
          </reporter-output>
        </test-method> <!-- getResult -->
        <test-method status="PASS" signature="endReport()[pri:0, instance:com.test.demo.ExtentReportsClass@58651fd0]" name="endReport" is-config="true" duration-ms="215" started-at="2017-07-19T11:47:59Z" finished-at="2017-07-19T11:47:59Z">
          <reporter-output>
          </reporter-output>
        </test-method> <!-- endReport -->
      </class> <!-- com.test.demo.ExtentReportsClass -->
    </test> <!-- Default test -->
  </suite> <!-- Default suite -->
</testng-results>
